
========== PROMPT INTERACTION LOG ==========
Timestamp: 2025-04-23T20:29:52.518Z
Service: Moondream-vl-Detect
Execution Time: 3.12 seconds

----- PROMPT -----
Detect Large text 'Choco croissant' followed by weight '110g' in image

----- RESPONSE -----
{"objects":[{"x_min":0,"y_min":0,"x_max":1,"y_max":1}]}

----- USAGE -----
Input Tokens: N/A
Output Tokens: N/A
Total Tokens: N/A
========== END OF ENTRY ==========


========== PROMPT INTERACTION LOG ==========
Timestamp: 2025-04-23T20:29:55.139Z
Service: Moondream-vl-Detect
Execution Time: 1.618 seconds

----- PROMPT -----
Detect Orange heart icon in the top-right corner of the screen, allowing users to save this item as a favorite. in image

----- RESPONSE -----
{"objects":[{"x_min":0.6720335660502315,"y_min":0.08832744415849447,"x_max":0.6971070589497685,"y_max":0.11479755584150553}]}

----- USAGE -----
Input Tokens: N/A
Output Tokens: N/A
Total Tokens: N/A
========== END OF ENTRY ==========


========== PROMPT INTERACTION LOG ==========
Timestamp: 2025-04-23T20:29:56.784Z
Service: Moondream-vl-Detect
Execution Time: 0.643 seconds

----- PROMPT -----
Detect Left-pointing arrow in the top-left corner, allowing navigation back to the previous screen. in image

----- RESPONSE -----
{"objects":[{"x_min":0.30274318624287844,"y_min":0.08588447608053684,"x_max":0.32225681375712156,"y_max":0.11724052391946316}]}

----- USAGE -----
Input Tokens: N/A
Output Tokens: N/A
Total Tokens: N/A
========== END OF ENTRY ==========


========== PROMPT INTERACTION LOG ==========
Timestamp: 2025-04-23T20:29:58.502Z
Service: Moondream-vl-Detect
Execution Time: 0.716 seconds

----- PROMPT -----
Detect High-quality photo of a chocolate-covered croissant on a light background, showing the pastry's flaky layers and chocolate glaze. in image

----- RESPONSE -----
{"objects":[{"x_min":0.30503979325294495,"y_min":0.13206548988819122,"x_max":0.694960206747055,"y_max":0.3542626351118088}]}

----- USAGE -----
Input Tokens: N/A
Output Tokens: N/A
Total Tokens: N/A
========== END OF ENTRY ==========


========== PROMPT INTERACTION LOG ==========
Timestamp: 2025-04-23T20:30:00.257Z
Service: Moondream-vl-Detect
Execution Time: 0.753 seconds

----- PROMPT -----
Detect Text '460 kcal' in the bottom-right corner of the image area, indicating the calorie content of the product. in image

----- RESPONSE -----
{"objects":[{"x_min":0.6198907978832722,"y_min":0.40812678448855877,"x_max":0.6887029521167278,"y_max":0.43171696551144123}]}

----- USAGE -----
Input Tokens: N/A
Output Tokens: N/A
Total Tokens: N/A
========== END OF ENTRY ==========


========== PROMPT INTERACTION LOG ==========
Timestamp: 2025-04-23T20:30:01.958Z
Service: Moondream-vl-Detect
Execution Time: 0.698 seconds

----- PROMPT -----
Detect Detailed text listing all ingredients: 'chicken eggs, flour, milk 3.2%, butter, water, dark chocolate 54-55%, melange, white sugar, cocoa powder, salt, vanillin.', positioned below the product title. in image

----- RESPONSE -----
{"objects":[{"x_min":0.2927810251712799,"y_min":0.5300623886287212,"x_max":0.7072189748287201,"y_max":0.6047032363712788}]}

----- USAGE -----
Input Tokens: N/A
Output Tokens: N/A
Total Tokens: N/A
========== END OF ENTRY ==========


========== PROMPT INTERACTION LOG ==========
Timestamp: 2025-04-23T20:30:03.637Z
Service: Moondream-vl-Detect
Execution Time: 0.676 seconds

----- PROMPT -----
Detect Small square image of a latte in a glass cup, positioned in the left suggestion slot. in image

----- RESPONSE -----
{"objects":[{"x_min":0.3009319230914116,"y_min":0.6623392701148987,"x_max":0.4373493269085884,"y_max":0.8025044798851013}]}

----- USAGE -----
Input Tokens: N/A
Output Tokens: N/A
Total Tokens: N/A
========== END OF ENTRY ==========


========== PROMPT INTERACTION LOG ==========
Timestamp: 2025-04-23T20:30:05.346Z
Service: Moondream-vl-Detect
Execution Time: 0.707 seconds

----- PROMPT -----
Detect Text 'Latte' below the latte image, identifying the beverage option. in image

----- RESPONSE -----
{"objects":[{"x_min":0.30114929750561714,"y_min":0.8146116910502315,"x_max":0.35119445249438286,"y_max":0.8396851839497685}]}

----- USAGE -----
Input Tokens: N/A
Output Tokens: N/A
Total Tokens: N/A
========== END OF ENTRY ==========


========== PROMPT INTERACTION LOG ==========
Timestamp: 2025-04-23T20:30:06.996Z
Service: Moondream-vl-Detect
Execution Time: 0.647 seconds

----- PROMPT -----
Detect Text '$2.00' below the latte title, showing the price of the latte. in image

----- RESPONSE -----
{"objects":[{"x_min":0.3038717359304428,"y_min":0.8378142844885588,"x_max":0.3484720140695572,"y_max":0.8614044655114412}]}

----- USAGE -----
Input Tokens: N/A
Output Tokens: N/A
Total Tokens: N/A
========== END OF ENTRY ==========


========== PROMPT INTERACTION LOG ==========
Timestamp: 2025-04-23T20:30:08.773Z
Service: Moondream-vl-Detect
Execution Time: 0.776 seconds

----- PROMPT -----
Detect Orange circular button with a plus sign, positioned in the top-right corner of the latte suggestion card, allowing users to add this item. in image

----- RESPONSE -----
{"objects":[{"x_min":0.39371670968830585,"y_min":0.6714705396443605,"x_max":0.42659579031169415,"y_max":0.7054825853556395},{"x_min":0.5508315060287714,"y_min":0.6695174146443605,"x_max":0.5839341189712286,"y_max":0.7035294603556395},{"x_min":0.7003900203853846,"y_min":0.6680190060287714,"x_max":0.7292974796146154,"y_max":0.7011216189712286}]}

----- USAGE -----
Input Tokens: N/A
Output Tokens: N/A
Total Tokens: N/A
========== END OF ENTRY ==========


========== PROMPT INTERACTION LOG ==========
Timestamp: 2025-04-23T20:30:10.402Z
Service: Moondream-vl-Detect
Execution Time: 0.628 seconds

----- PROMPT -----
Detect Small square image of a red tea drink in a glass, positioned in the middle suggestion slot. in image

----- RESPONSE -----
{"objects":[{"x_min":0.4542522355914116,"y_min":0.6656503304839134,"x_max":0.5906696394085884,"y_max":0.8011465445160866}]}

----- USAGE -----
Input Tokens: N/A
Output Tokens: N/A
Total Tokens: N/A
========== END OF ENTRY ==========


========== PROMPT INTERACTION LOG ==========
Timestamp: 2025-04-23T20:30:12.110Z
Service: Moondream-vl-Detect
Execution Time: 0.706 seconds

----- PROMPT -----
Detect Text 'Nordic tea' below the tea image, identifying the beverage option. in image

----- RESPONSE -----
{"objects":[{"x_min":0.45269157737493515,"y_min":0.8102799486368895,"x_max":0.5473084226250648,"y_max":0.8420638013631105}]}

----- USAGE -----
Input Tokens: N/A
Output Tokens: N/A
Total Tokens: N/A
========== END OF ENTRY ==========


========== PROMPT INTERACTION LOG ==========
Timestamp: 2025-04-23T20:30:14.749Z
Service: Moondream-vl-Detect
Execution Time: 1.638 seconds

----- PROMPT -----
Detect Text '$1.80' below the Nordic tea title, showing the price of the tea. in image

----- RESPONSE -----
{"objects":[{"x_min":0.4492623955011368,"y_min":0.8280486594885588,"x_max":0.5194876044988632,"y_max":0.8516388405114412}]}

----- USAGE -----
Input Tokens: N/A
Output Tokens: N/A
Total Tokens: N/A
========== END OF ENTRY ==========


========== PROMPT INTERACTION LOG ==========
Timestamp: 2025-04-23T20:30:16.637Z
Service: Moondream-vl-Detect
Execution Time: 0.886 seconds

----- PROMPT -----
Detect Orange circular button with a plus sign, positioned in the top-right corner of the Nordic tea suggestion card, allowing users to add this item. in image

----- RESPONSE -----
{"objects":[{"x_min":0.5400963164865971,"y_min":0.6725846361368895,"x_max":0.5790443085134029,"y_max":0.7043684888631105},{"x_min":0.4004408810287714,"y_min":0.6714705396443605,"x_max":0.4335434939712286,"y_max":0.7054825853556395},{"x_min":0.6955072078853846,"y_min":0.6699721310287714,"x_max":0.7244146671146154,"y_max":0.7030747439712286}]}

----- USAGE -----
Input Tokens: N/A
Output Tokens: N/A
Total Tokens: N/A
========== END OF ENTRY ==========


========== PROMPT INTERACTION LOG ==========
Timestamp: 2025-04-23T20:30:18.925Z
Service: Moondream-vl-Detect
Execution Time: 1.287 seconds

----- PROMPT -----
Detect Small square image of a matcha latte in a glass, positioned in the right suggestion slot. in image

----- RESPONSE -----
{"objects":[{"x_min":0.5988025292754173,"y_min":0.6655856445431709,"x_max":0.7195568457245827,"y_max":0.7992581054568291}]}

----- USAGE -----
Input Tokens: N/A
Output Tokens: N/A
Total Tokens: N/A
========== END OF ENTRY ==========


========== PROMPT INTERACTION LOG ==========
Timestamp: 2025-04-23T20:30:20.644Z
Service: Moondream-vl-Detect
Execution Time: 0.717 seconds

----- PROMPT -----
Detect Text 'Matcha latte' below the matcha latte image, identifying the beverage option. in image

----- RESPONSE -----
{"objects":[{"x_min":0.5978751331567764,"y_min":0.8060268275439739,"x_max":0.7107186168432236,"y_max":0.8463169224560261}]}

----- USAGE -----
Input Tokens: N/A
Output Tokens: N/A
Total Tokens: N/A
========== END OF ENTRY ==========


========== PROMPT INTERACTION LOG ==========
Timestamp: 2025-04-23T20:30:22.482Z
Service: Moondream-vl-Detect
Execution Time: 0.838 seconds

----- PROMPT -----
Detect Text '$1.95' below the matcha latte title, showing the price of the matcha latte. in image

----- RESPONSE -----
{"objects":[{"x_min":0.5986594650894403,"y_min":0.8378142844885588,"x_max":0.6493874099105597,"y_max":0.8614044655114412}]}

----- USAGE -----
Input Tokens: N/A
Output Tokens: N/A
Total Tokens: N/A
========== END OF ENTRY ==========


========== PROMPT INTERACTION LOG ==========
Timestamp: 2025-04-23T20:30:24.693Z
Service: Moondream-vl-Detect
Execution Time: 1.21 seconds

----- PROMPT -----
Detect Orange circular button with a plus sign, positioned in the top-right corner of the matcha latte suggestion card, allowing users to add this item. in image

----- RESPONSE -----
{"objects":[{"x_min":0.6768150664865971,"y_min":0.6663783900439739,"x_max":0.7157630585134029,"y_max":0.7066684849560261},{"x_min":0.5486846305429935,"y_min":0.6663783900439739,"x_max":0.5860809944570065,"y_max":0.7066684849560261},{"x_min":0.39623045921325684,"y_min":0.6673549525439739,"x_max":0.43189454078674316,"y_max":0.7076450474560261}]}

----- USAGE -----
Input Tokens: N/A
Output Tokens: N/A
Total Tokens: N/A
========== END OF ENTRY ==========


========== PROMPT INTERACTION LOG ==========
Timestamp: 2025-04-23T20:30:26.381Z
Service: Moondream-vl-Detect
Execution Time: 0.687 seconds

----- PROMPT -----
Detect Bold text '$5.90' on the left side of the bar, showing the current total price for the choco croissant. in image

----- RESPONSE -----
{"objects":[{"x_min":0.3118617609143257,"y_min":0.8891328312456608,"x_max":0.5611851140856743,"y_max":0.9331327937543392}]}

----- USAGE -----
Input Tokens: N/A
Output Tokens: N/A
Total Tokens: N/A
========== END OF ENTRY ==========


========== PROMPT INTERACTION LOG ==========
Timestamp: 2025-04-23T20:30:28.171Z
Service: Moondream-vl-Detect
Execution Time: 0.789 seconds

----- PROMPT -----
Detect Orange rectangular button with white text 'Add to cart' occupying most of the bottom bar, allowing users to add the product to their shopping cart. in image

----- RESPONSE -----
{"objects":[{"x_min":0.3037143349647522,"y_min":0.8738283663988113,"x_max":0.6962856650352478,"y_max":0.9445310086011887}]}

----- USAGE -----
Input Tokens: N/A
Output Tokens: N/A
Total Tokens: N/A
========== END OF ENTRY ==========


========== PROMPT INTERACTION LOG ==========
Timestamp: 2025-04-23T20:30:29.936Z
Service: Moondream-vl-Detect
Execution Time: 0.762 seconds

----- PROMPT -----
Detect Full-width orange bar at the bottom of the screen containing the price and add to cart button, creating a prominent call to action. in image

----- RESPONSE -----
{"objects":[{"x_min":0.3037143349647522,"y_min":0.8695126175880432,"x_max":0.6962856650352478,"y_max":0.9488467574119568}]}

----- USAGE -----
Input Tokens: N/A
Output Tokens: N/A
Total Tokens: N/A
========== END OF ENTRY ==========


========== PROMPT INTERACTION LOG ==========
Timestamp: 2025-04-23T20:31:15.456Z
Service: Moondream-vl-Detect
Execution Time: 2.558 seconds

----- PROMPT -----
Detect Large text 'Choco croissant' followed by weight '110g' in image

----- RESPONSE -----
{"objects":[{"x_min":0,"y_min":0,"x_max":1,"y_max":1}]}

----- USAGE -----
Input Tokens: N/A
Output Tokens: N/A
Total Tokens: N/A
========== END OF ENTRY ==========


========== PROMPT INTERACTION LOG ==========
Timestamp: 2025-04-23T20:31:18.022Z
Service: Moondream-vl-Detect
Execution Time: 1.564 seconds

----- PROMPT -----
Detect Orange heart icon in the top-right corner of the screen, allowing users to save this item as a favorite. in image

----- RESPONSE -----
{"objects":[{"x_min":0.6720335660502315,"y_min":0.08832744415849447,"x_max":0.6971070589497685,"y_max":0.11479755584150553}]}

----- USAGE -----
Input Tokens: N/A
Output Tokens: N/A
Total Tokens: N/A
========== END OF ENTRY ==========


========== PROMPT INTERACTION LOG ==========
Timestamp: 2025-04-23T20:31:44.344Z
Service: Moondream-vl-Detect
Execution Time: 2.818 seconds

----- PROMPT -----
Detect Large text 'Choco croissant' followed by weight '110g' in image

----- RESPONSE -----
{"objects":[{"x_min":0,"y_min":0,"x_max":1,"y_max":1}]}

----- USAGE -----
Input Tokens: N/A
Output Tokens: N/A
Total Tokens: N/A
========== END OF ENTRY ==========


========== PROMPT INTERACTION LOG ==========
Timestamp: 2025-04-23T20:31:46.184Z
Service: Moondream-vl-Detect
Execution Time: 0.839 seconds

----- PROMPT -----
Detect Orange heart icon in the top-right corner of the screen, allowing users to save this item as a favorite. in image

----- RESPONSE -----
{"objects":[{"x_min":0.6720335660502315,"y_min":0.08832744415849447,"x_max":0.6971070589497685,"y_max":0.11479755584150553}]}

----- USAGE -----
Input Tokens: N/A
Output Tokens: N/A
Total Tokens: N/A
========== END OF ENTRY ==========


========== PROMPT INTERACTION LOG ==========
Timestamp: 2025-04-23T20:31:47.790Z
Service: Moondream-vl-Detect
Execution Time: 0.605 seconds

----- PROMPT -----
Detect Left-pointing arrow in the top-left corner, allowing navigation back to the previous screen. in image

----- RESPONSE -----
{"objects":[{"x_min":0.30274318624287844,"y_min":0.08588447608053684,"x_max":0.32225681375712156,"y_max":0.11724052391946316}]}

----- USAGE -----
Input Tokens: N/A
Output Tokens: N/A
Total Tokens: N/A
========== END OF ENTRY ==========


========== PROMPT INTERACTION LOG ==========
Timestamp: 2025-04-23T20:31:49.456Z
Service: Moondream-vl-Detect
Execution Time: 0.665 seconds

----- PROMPT -----
Detect High-quality photo of a chocolate-covered croissant on a light background, showing the pastry's flaky layers and chocolate glaze. in image

----- RESPONSE -----
{"objects":[{"x_min":0.30503979325294495,"y_min":0.13206548988819122,"x_max":0.694960206747055,"y_max":0.3542626351118088}]}

----- USAGE -----
Input Tokens: N/A
Output Tokens: N/A
Total Tokens: N/A
========== END OF ENTRY ==========


========== PROMPT INTERACTION LOG ==========
Timestamp: 2025-04-23T20:31:51.273Z
Service: Moondream-vl-Detect
Execution Time: 0.816 seconds

----- PROMPT -----
Detect Text '460 kcal' in the bottom-right corner of the image area, indicating the calorie content of the product. in image

----- RESPONSE -----
{"objects":[{"x_min":0.6198907978832722,"y_min":0.40812678448855877,"x_max":0.6887029521167278,"y_max":0.43171696551144123}]}

----- USAGE -----
Input Tokens: N/A
Output Tokens: N/A
Total Tokens: N/A
========== END OF ENTRY ==========


========== PROMPT INTERACTION LOG ==========
Timestamp: 2025-04-23T20:31:52.852Z
Service: Moondream-vl-Detect
Execution Time: 0.577 seconds

----- PROMPT -----
Detect Detailed text listing all ingredients: 'chicken eggs, flour, milk 3.2%, butter, water, dark chocolate 54-55%, melange, white sugar, cocoa powder, salt, vanillin.', positioned below the product title. in image

----- RESPONSE -----
{"objects":[{"x_min":0.2927810251712799,"y_min":0.5300623886287212,"x_max":0.7072189748287201,"y_max":0.6047032363712788}]}

----- USAGE -----
Input Tokens: N/A
Output Tokens: N/A
Total Tokens: N/A
========== END OF ENTRY ==========


========== PROMPT INTERACTION LOG ==========
Timestamp: 2025-04-23T20:34:34.775Z
Service: Moondream-vl-Detect
Execution Time: 1.748 seconds

----- PROMPT -----
Detect Large text 'Choco croissant' followed by weight '110g' in image

----- RESPONSE -----
{"objects":[{"x_min":0,"y_min":0,"x_max":1,"y_max":1}]}

----- USAGE -----
Input Tokens: N/A
Output Tokens: N/A
Total Tokens: N/A
========== END OF ENTRY ==========


========== PROMPT INTERACTION LOG ==========
Timestamp: 2025-04-23T20:34:36.565Z
Service: Moondream-vl-Detect
Execution Time: 0.786 seconds

----- PROMPT -----
Detect Orange heart icon in the top-right corner of the screen, allowing users to save this item as a favorite. in image

----- RESPONSE -----
{"objects":[{"x_min":0.6720335660502315,"y_min":0.08832744415849447,"x_max":0.6971070589497685,"y_max":0.11479755584150553}]}

----- USAGE -----
Input Tokens: N/A
Output Tokens: N/A
Total Tokens: N/A
========== END OF ENTRY ==========


========== PROMPT INTERACTION LOG ==========
Timestamp: 2025-04-23T20:34:38.687Z
Service: Moondream-vl-Detect
Execution Time: 1.121 seconds

----- PROMPT -----
Detect Left-pointing arrow in the top-left corner, allowing navigation back to the previous screen. in image

----- RESPONSE -----
{"objects":[{"x_min":0.30274318624287844,"y_min":0.08588447608053684,"x_max":0.32225681375712156,"y_max":0.11724052391946316}]}

----- USAGE -----
Input Tokens: N/A
Output Tokens: N/A
Total Tokens: N/A
========== END OF ENTRY ==========


========== PROMPT INTERACTION LOG ==========
Timestamp: 2025-04-23T20:34:40.386Z
Service: Moondream-vl-Detect
Execution Time: 0.698 seconds

----- PROMPT -----
Detect High-quality photo of a chocolate-covered croissant on a light background, showing the pastry's flaky layers and chocolate glaze. in image

----- RESPONSE -----
{"objects":[{"x_min":0.29718171060085297,"y_min":0.13649152219295502,"x_max":0.671568289399147,"y_max":0.349836602807045}]}

----- USAGE -----
Input Tokens: N/A
Output Tokens: N/A
Total Tokens: N/A
========== END OF ENTRY ==========


========== PROMPT INTERACTION LOG ==========
Timestamp: 2025-04-23T20:34:42.011Z
Service: Moondream-vl-Detect
Execution Time: 0.624 seconds

----- PROMPT -----
Detect Text '460 kcal' in the bottom-right corner of the image area, indicating the calorie content of the product. in image

----- RESPONSE -----
{"objects":[{"x_min":0.6198907978832722,"y_min":0.40812678448855877,"x_max":0.6887029521167278,"y_max":0.43171696551144123}]}

----- USAGE -----
Input Tokens: N/A
Output Tokens: N/A
Total Tokens: N/A
========== END OF ENTRY ==========


========== PROMPT INTERACTION LOG ==========
Timestamp: 2025-04-23T20:34:44.060Z
Service: Moondream-vl-Detect
Execution Time: 1.047 seconds

----- PROMPT -----
Detect Detailed text listing all ingredients: 'chicken eggs, flour, milk 3.2%, butter, water, dark chocolate 54-55%, melange, white sugar, cocoa powder, salt, vanillin.', positioned below the product title. in image

----- RESPONSE -----
{"objects":[{"x_min":0.2927810251712799,"y_min":0.5300623886287212,"x_max":0.7072189748287201,"y_max":0.6047032363712788}]}

----- USAGE -----
Input Tokens: N/A
Output Tokens: N/A
Total Tokens: N/A
========== END OF ENTRY ==========


========== PROMPT INTERACTION LOG ==========
Timestamp: 2025-04-23T20:42:59.918Z
Service: Moondream-vl-Detect
Execution Time: 2.254 seconds

----- PROMPT -----
Detect Orange heart icon in the top-right corner of the screen, allowing users to save this item as a favorite. in image

----- RESPONSE -----
{"objects":[{"x_min":0.6720335660502315,"y_min":0.08832744415849447,"x_max":0.6971070589497685,"y_max":0.11479755584150553}]}

----- USAGE -----
Input Tokens: N/A
Output Tokens: N/A
Total Tokens: N/A
========== END OF ENTRY ==========


========== PROMPT INTERACTION LOG ==========
Timestamp: 2025-04-23T20:43:00.501Z
Service: Moondream-vl-Detect
Execution Time: 2.838 seconds

----- PROMPT -----
Detect Large text 'Choco croissant' followed by weight '110g' in image

----- RESPONSE -----
{"objects":[{"x_min":0,"y_min":0,"x_max":1,"y_max":1}]}

----- USAGE -----
Input Tokens: N/A
Output Tokens: N/A
Total Tokens: N/A
========== END OF ENTRY ==========


========== PROMPT INTERACTION LOG ==========
Timestamp: 2025-04-23T20:43:00.673Z
Service: Moondream-vl-Detect
Execution Time: 3.009 seconds

----- PROMPT -----
Detect Text '460 kcal' in the bottom-right corner of the image area, indicating the calorie content of the product. in image

----- RESPONSE -----
{"objects":[{"x_min":0.6198907978832722,"y_min":0.40812678448855877,"x_max":0.6887029521167278,"y_max":0.43171696551144123}]}

----- USAGE -----
Input Tokens: N/A
Output Tokens: N/A
Total Tokens: N/A
========== END OF ENTRY ==========


========== PROMPT INTERACTION LOG ==========
Timestamp: 2025-04-23T20:43:00.673Z
Service: Moondream-vl-Detect
Execution Time: 3.009 seconds

----- PROMPT -----
Detect High-quality photo of a chocolate-covered croissant on a light background, showing the pastry's flaky layers and chocolate glaze. in image

----- RESPONSE -----
{"objects":[{"x_min":0.29718171060085297,"y_min":0.13649152219295502,"x_max":0.671568289399147,"y_max":0.349836602807045}]}

----- USAGE -----
Input Tokens: N/A
Output Tokens: N/A
Total Tokens: N/A
========== END OF ENTRY ==========


========== PROMPT INTERACTION LOG ==========
Timestamp: 2025-04-23T20:43:00.674Z
Service: Moondream-vl-Detect
Execution Time: 3.01 seconds

----- PROMPT -----
Detect Left-pointing arrow in the top-left corner, allowing navigation back to the previous screen. in image

----- RESPONSE -----
{"objects":[{"x_min":0.30274318624287844,"y_min":0.08588447608053684,"x_max":0.32225681375712156,"y_max":0.11724052391946316}]}

----- USAGE -----
Input Tokens: N/A
Output Tokens: N/A
Total Tokens: N/A
========== END OF ENTRY ==========


========== PROMPT INTERACTION LOG ==========
Timestamp: 2025-04-23T20:43:01.825Z
Service: Moondream-vl-Detect
Execution Time: 0.905 seconds

----- PROMPT -----
Detect Detailed text listing all ingredients: 'chicken eggs, flour, milk 3.2%, butter, water, dark chocolate 54-55%, melange, white sugar, cocoa powder, salt, vanillin.', positioned below the product title. in image

----- RESPONSE -----
{"objects":[{"x_min":0.2927810251712799,"y_min":0.5300623886287212,"x_max":0.7072189748287201,"y_max":0.6047032363712788}]}

----- USAGE -----
Input Tokens: N/A
Output Tokens: N/A
Total Tokens: N/A
========== END OF ENTRY ==========

